  Hashtable.cpp
d:\2. github\mystlcpp\src\dictionary\hashtable.h(6): error C2143: 语法错误: 缺少“;”(在“<”的前面)
  d:\2. github\mystlcpp\src\dictionary\hashtable.h(24): note: 参见对正在编译的 类 模板 实例化 "Hashtable<K,V>" 的引用
d:\2. github\mystlcpp\src\dictionary\hashtable.h(6): error C4430: 缺少类型说明符 - 假定为 int。注意: C++ 不支持默认 int
d:\2. github\mystlcpp\src\dictionary\hashtable.h(6): error C2238: 意外的标记位于“;”之前
d:\2. github\mystlcpp\src\dictionary\hashtable.h(8): error C2143: 语法错误: 缺少“;”(在“*”的前面)
d:\2. github\mystlcpp\src\dictionary\hashtable.h(8): error C4430: 缺少类型说明符 - 假定为 int。注意: C++ 不支持默认 int
d:\2. github\mystlcpp\src\dictionary\hashtable.h(8): error C2238: 意外的标记位于“;”之前
d:\2. github\mystlcpp\src\bitmap\bitmap.h(19): error C4996: 'fopen': This function or variable may be unsafe. Consider using fopen_s instead. To disable deprecation, use _CRT_SECURE_NO_WARNINGS. See online help for details.
  c:\program files (x86)\windows kits\10\include\10.0.17763.0\ucrt\stdio.h(208): note: 参见“fopen”的声明
d:\2. github\mystlcpp\src\bitmap\bitmap.h(47): error C4996: 'fopen': This function or variable may be unsafe. Consider using fopen_s instead. To disable deprecation, use _CRT_SECURE_NO_WARNINGS. See online help for details.
  c:\program files (x86)\windows kits\10\include\10.0.17763.0\ucrt\stdio.h(208): note: 参见“fopen”的声明
d:\2. github\mystlcpp\src\dictionary\hashtable.cpp(9): error C2760: 语法错误: 意外的令牌“标识符”，预期的令牌为“类型说明符”
d:\2. github\mystlcpp\src\dictionary\hashtable.cpp(27): error C3861: “ht”: 找不到标识符
d:\2. github\mystlcpp\src\dictionary\hashtable.cpp(28): error C3861: “ht”: 找不到标识符
d:\2. github\mystlcpp\src\dictionary\hashtable.cpp(29): error C3861: “ht”: 找不到标识符
d:\2. github\mystlcpp\src\dictionary\hashtable.cpp(30): error C3861: “lazyRemoval”: 找不到标识符
d:\2. github\mystlcpp\src\dictionary\hashtable.cpp(35): error C3861: “ht”: 找不到标识符
d:\2. github\mystlcpp\src\dictionary\hashtable.cpp(40): error C3861: “ht”: 找不到标识符
d:\2. github\mystlcpp\src\dictionary\hashtable.cpp(40): error C3861: “lazyRemoval”: 找不到标识符
d:\2. github\mystlcpp\src\dictionary\hashtable.cpp(47): error C3861: “ht”: 找不到标识符
d:\2. github\mystlcpp\src\dictionary\hashtable.cpp(48): error C3861: “ht”: 找不到标识符
d:\2. github\mystlcpp\src\dictionary\hashtable.cpp(49): error C3861: “ht”: 找不到标识符
d:\2. github\mystlcpp\src\dictionary\hashtable.cpp(50): error C3861: “lazyRemoval”: 找不到标识符
d:\2. github\mystlcpp\src\dictionary\hashtable.cpp(59): error C2760: 语法错误: 意外的令牌“标识符”，预期的令牌为“类型说明符”
d:\2. github\mystlcpp\src\dictionary\hashtable.cpp(67): error C3861: “ht”: 找不到标识符
d:\2. github\mystlcpp\src\dictionary\hashtable.cpp(77): error C2760: 语法错误: 意外的令牌“标识符”，预期的令牌为“;”
